<?xml version="1.0" encoding="UTF-8"?>
<!-- Generated by org.testng.reporters.JUnitXMLReporter -->
<testsuite hostname="DESKTOP-8ILQ9S0" failures="2" tests="2" name="Test" time="71.171" errors="0" timestamp="23 Jun 2022 14:42:26 GMT">
  <testcase classname="com.qa.automation.test.TC001_DemoTest" name="ValidateHomePage" time="36.364">
    <failure type="java.lang.AssertionError" message="null">
      <![CDATA[java.lang.AssertionError: null
	at com.qa.automation.test.BaseTest.LoadUrl(BaseTest.java:118)
	at com.qa.automation.test.TC001_DemoTest.ValidateHomePage(TC001_DemoTest.java:67)
... Removed 26 stack frames]]>
    </failure>
  </testcase> <!-- ValidateHomePage -->
  <testcase classname="com.qa.automation.test.TC002_Demo1Test" name="ValidateHomePage" time="33.221">
    <failure type="java.lang.AssertionError" message="null">
      <![CDATA[java.lang.AssertionError: null
	at com.qa.automation.test.BaseTest.LoadUrl(BaseTest.java:118)
	at com.qa.automation.test.TC002_Demo1Test.ValidateHomePage(TC002_Demo1Test.java:41)
... Removed 26 stack frames]]>
    </failure>
  </testcase> <!-- ValidateHomePage -->
</testsuite> <!-- Test -->
